2026-07-11 09:48:44,293 - INFO - Loading Synthetic.
2026-07-11 09:48:44,293 - INFO - Alpha = 0.01
2026-07-11 09:48:44,581 - INFO - Ambient Dim (d): 1000 | Samples (n): 100
2026-07-11 09:48:44,581 - INFO - Baseline: s=59, Exact H2=22.93
2026-07-11 09:48:44,581 - INFO - Baseline Iterations to Converge: 93
2026-07-11 09:48:44,581 - INFO - Baseline ||Beta||_2: 0.8733 | ||Beta||_inf: 0.3796
2026-07-11 09:48:44,598 - INFO - Tau   | Drop  | s     | H2       | Jac  | Diff_L2   | Diff_Linf | Iters | Red%    | ||b||_2  | ||b||_inf
2026-07-11 09:48:44,598 - INFO - --------------------------------------------------------------------------------------------------------------
2026-07-11 09:48:44,879 - INFO - 0.99  | 2     | 59    | 22.89    | 1.00 | 7.19e-06  | 2.31e-06  | 93    | 0.00    | 0.8733   | 0.3796  
2026-07-11 09:48:45,167 - INFO - 0.95  | 2     | 59    | 22.89    | 1.00 | 7.19e-06  | 2.31e-06  | 93    | 0.00    | 0.8733   | 0.3796  
2026-07-11 09:48:45,458 - INFO - 0.90  | 6     | 59    | 22.88    | 1.00 | 6.63e-06  | 2.13e-06  | 93    | 0.00    | 0.8733   | 0.3796  
2026-07-11 09:48:45,766 - INFO - 0.80  | 29    | 59    | 22.75    | 1.00 | 1.49e-04  | 5.63e-05  | 86    | 7.53    | 0.8733   | 0.3796  
2026-07-11 09:48:46,060 - INFO - 0.70  | 131   | 59    | 22.17    | 1.00 | 1.31e-04  | 4.89e-05  | 84    | 9.68    | 0.8733   | 0.3796  
2026-07-11 09:48:46,199 - INFO - 0.60  | 391   | 59    | 20.92    | 1.00 | 1.54e-04  | 5.74e-05  | 75    | 19.35   | 0.8733   | 0.3795  
2026-07-11 09:48:46,243 - INFO - 0.50  | 743   | 59    | 19.48    | 1.00 | 1.05e-04  | 3.84e-05  | 64    | 31.18   | 0.8733   | 0.3795  
2026-07-11 09:48:46,254 - INFO - 0.40  | 912   | 59    | 18.85    | 1.00 | 1.56e-04  | 4.25e-05  | 50    | 46.24   | 0.8733   | 0.3795  
2026-07-11 09:48:46,256 - INFO - 0.30  | 941   | 59    | 18.77    | 1.00 | 1.59e-04  | 4.86e-05  | 49    | 47.31   | 0.8733   | 0.3795  
2026-07-11 09:48:46,258 - INFO - 0.20  | 941   | 59    | 18.77    | 1.00 | 1.59e-04  | 4.86e-05  | 49    | 47.31   | 0.8733   | 0.3795  
2026-07-11 09:48:46,259 - INFO - 0.10  | 941   | 59    | 18.77    | 1.00 | 1.59e-04  | 4.86e-05  | 49    | 47.31   | 0.8733   | 0.3795  
2026-07-11 09:48:46,590 - INFO - Alpha = 0.05
2026-07-11 09:48:46,907 - INFO - Ambient Dim (d): 1000 | Samples (n): 100
2026-07-11 09:48:46,907 - INFO - Baseline: s=29, Exact H2=6.35
2026-07-11 09:48:46,907 - INFO - Baseline Iterations to Converge: 23
2026-07-11 09:48:46,907 - INFO - Baseline ||Beta||_2: 0.7615 | ||Beta||_inf: 0.3502
2026-07-11 09:48:46,913 - INFO - Tau   | Drop  | s     | H2       | Jac  | Diff_L2   | Diff_Linf | Iters | Red%    | ||b||_2  | ||b||_inf
2026-07-11 09:48:46,913 - INFO - --------------------------------------------------------------------------------------------------------------
2026-07-11 09:48:47,204 - INFO - 0.99  | 0     | 29    | 6.35     | 1.00 | 0.00e+00  | 0.00e+00  | 23    | 0.00    | 0.7615   | 0.3502  
2026-07-11 09:48:47,523 - INFO - 0.95  | 0     | 29    | 6.35     | 1.00 | 0.00e+00  | 0.00e+00  | 23    | 0.00    | 0.7615   | 0.3502  
2026-07-11 09:48:47,869 - INFO - 0.90  | 0     | 29    | 6.35     | 1.00 | 0.00e+00  | 0.00e+00  | 23    | 0.00    | 0.7615   | 0.3502  
2026-07-11 09:48:48,167 - INFO - 0.80  | 0     | 29    | 6.35     | 1.00 | 0.00e+00  | 0.00e+00  | 23    | 0.00    | 0.7615   | 0.3502  
2026-07-11 09:48:48,480 - INFO - 0.70  | 0     | 29    | 6.35     | 1.00 | 0.00e+00  | 0.00e+00  | 23    | 0.00    | 0.7615   | 0.3502  
2026-07-11 09:48:48,851 - INFO - 0.60  | 1     | 29    | 6.35     | 1.00 | 1.75e-06  | 6.13e-07  | 23    | 0.00    | 0.7615   | 0.3502  
2026-07-11 09:48:49,215 - INFO - 0.50  | 10    | 29    | 6.34     | 1.00 | 8.17e-07  | 2.75e-07  | 23    | 0.00    | 0.7615   | 0.3502  
2026-07-11 09:48:49,522 - INFO - 0.40  | 90    | 29    | 6.31     | 1.00 | 1.09e-05  | 4.04e-06  | 22    | 4.35    | 0.7615   | 0.3502  
2026-07-11 09:48:49,698 - INFO - 0.30  | 391   | 29    | 6.24     | 1.00 | 4.77e-05  | 1.58e-05  | 20    | 13.04   | 0.7615   | 0.3502  
2026-07-11 09:48:49,720 - INFO - 0.20  | 863   | 29    | 6.16     | 1.00 | 5.90e-06  | 2.66e-06  | 18    | 21.74   | 0.7615   | 0.3502  
2026-07-11 09:48:49,721 - INFO - 0.10  | 971   | 29    | 6.15     | 1.00 | 4.19e-05  | 1.45e-05  | 17    | 26.09   | 0.7615   | 0.3502  
2026-07-11 09:48:49,893 - INFO - Alpha = 0.1
2026-07-11 09:48:50,207 - INFO - Ambient Dim (d): 1000 | Samples (n): 100
2026-07-11 09:48:50,207 - INFO - Baseline: s=14, Exact H2=2.48
2026-07-11 09:48:50,207 - INFO - Baseline Iterations to Converge: 11
2026-07-11 09:48:50,207 - INFO - Baseline ||Beta||_2: 0.6481 | ||Beta||_inf: 0.3166
2026-07-11 09:48:50,207 - INFO - Tau   | Drop  | s     | H2       | Jac  | Diff_L2   | Diff_Linf | Iters | Red%    | ||b||_2  | ||b||_inf
2026-07-11 09:48:50,207 - INFO - --------------------------------------------------------------------------------------------------------------
2026-07-11 09:48:50,533 - INFO - 0.99  | 0     | 14    | 2.48     | 1.00 | 0.00e+00  | 0.00e+00  | 11    | 0.00    | 0.6481   | 0.3166  
2026-07-11 09:48:50,888 - INFO - 0.95  | 0     | 14    | 2.48     | 1.00 | 0.00e+00  | 0.00e+00  | 11    | 0.00    | 0.6481   | 0.3166  
2026-07-11 09:48:51,225 - INFO - 0.90  | 0     | 14    | 2.48     | 1.00 | 0.00e+00  | 0.00e+00  | 11    | 0.00    | 0.6481   | 0.3166  
2026-07-11 09:48:51,562 - INFO - 0.80  | 0     | 14    | 2.48     | 1.00 | 0.00e+00  | 0.00e+00  | 11    | 0.00    | 0.6481   | 0.3166  
2026-07-11 09:48:51,897 - INFO - 0.70  | 0     | 14    | 2.48     | 1.00 | 0.00e+00  | 0.00e+00  | 11    | 0.00    | 0.6481   | 0.3166  
2026-07-11 09:48:52,206 - INFO - 0.60  | 0     | 14    | 2.48     | 1.00 | 0.00e+00  | 0.00e+00  | 11    | 0.00    | 0.6481   | 0.3166  
2026-07-11 09:48:52,514 - INFO - 0.50  | 0     | 14    | 2.48     | 1.00 | 0.00e+00  | 0.00e+00  | 11    | 0.00    | 0.6481   | 0.3166  
2026-07-11 09:48:52,875 - INFO - 0.40  | 0     | 14    | 2.48     | 1.00 | 0.00e+00  | 0.00e+00  | 11    | 0.00    | 0.6481   | 0.3166  
2026-07-11 09:48:53,186 - INFO - 0.30  | 9     | 14    | 2.48     | 1.00 | 3.03e-07  | 1.32e-07  | 11    | 0.00    | 0.6481   | 0.3166  
2026-07-11 09:48:53,432 - INFO - 0.20  | 123   | 14    | 2.47     | 1.00 | 2.10e-06  | 9.07e-07  | 10    | 9.09    | 0.6481   | 0.3166  
2026-07-11 09:48:53,478 - INFO - 0.10  | 755   | 14    | 2.44     | 1.00 | 1.18e-05  | 4.74e-06  | 9     | 18.18   | 0.6481   | 0.3166  
2026-07-11 09:48:53,848 - INFO - Loading ARCENE.
2026-07-11 09:48:54,609 - INFO - Alpha = 0.1
2026-07-11 09:50:46,011 - INFO - Ambient Dim (d): 10000 | Samples (n): 200
2026-07-11 09:50:46,011 - INFO - Baseline: s=177, Exact H2=349.56
2026-07-11 09:50:46,011 - INFO - Baseline Iterations to Converge: 2178
2026-07-11 09:50:46,011 - INFO - Baseline ||Beta||_2: 0.0188 | ||Beta||_inf: 0.0054
2026-07-11 09:50:46,075 - INFO - Tau   | Drop  | s     | H2       | Jac  | Diff_L2   | Diff_Linf | Iters | Red%    | ||b||_2  | ||b||_inf
2026-07-11 09:50:46,075 - INFO - --------------------------------------------------------------------------------------------------------------
2026-07-11 09:50:46,186 - INFO - 0.99  | 9784  | 174   | 157.24   | 0.98 | 3.44e-03  | 2.44e-03  | 1277  | 41.37   | 0.0191   | 0.0054  
2026-07-11 09:50:46,267 - INFO - 0.95  | 9784  | 174   | 157.24   | 0.98 | 3.44e-03  | 2.44e-03  | 1277  | 41.37   | 0.0191   | 0.0054  
2026-07-11 09:50:46,334 - INFO - 0.90  | 9784  | 174   | 157.24   | 0.98 | 3.44e-03  | 2.44e-03  | 1277  | 41.37   | 0.0191   | 0.0054  
2026-07-11 09:50:46,402 - INFO - 0.80  | 9784  | 174   | 157.24   | 0.98 | 3.44e-03  | 2.44e-03  | 1277  | 41.37   | 0.0191   | 0.0054  
2026-07-11 09:50:46,510 - INFO - 0.70  | 9784  | 174   | 157.24   | 0.98 | 3.44e-03  | 2.44e-03  | 1277  | 41.37   | 0.0191   | 0.0054  
2026-07-11 09:50:46,563 - INFO - 0.60  | 9784  | 174   | 157.24   | 0.98 | 3.44e-03  | 2.44e-03  | 1277  | 41.37   | 0.0191   | 0.0054  
2026-07-11 09:50:46,676 - INFO - 0.50  | 9784  | 174   | 157.24   | 0.98 | 3.44e-03  | 2.44e-03  | 1277  | 41.37   | 0.0191   | 0.0054  
2026-07-11 09:50:46,738 - INFO - 0.40  | 9784  | 174   | 157.24   | 0.98 | 3.44e-03  | 2.44e-03  | 1277  | 41.37   | 0.0191   | 0.0054  
2026-07-11 09:50:46,852 - INFO - 0.30  | 9784  | 174   | 157.24   | 0.98 | 3.44e-03  | 2.44e-03  | 1277  | 41.37   | 0.0191   | 0.0054  
2026-07-11 09:50:46,939 - INFO - 0.20  | 9784  | 174   | 157.24   | 0.98 | 3.44e-03  | 2.44e-03  | 1277  | 41.37   | 0.0191   | 0.0054  
2026-07-11 09:50:46,993 - INFO - 0.10  | 9784  | 174   | 157.24   | 0.98 | 3.44e-03  | 2.44e-03  | 1277  | 41.37   | 0.0191   | 0.0054  
2026-07-11 09:50:47,173 - INFO - Alpha = 0.5
2026-07-11 09:52:43,590 - INFO - Ambient Dim (d): 10000 | Samples (n): 200
2026-07-11 09:52:43,590 - INFO - Baseline: s=94, Exact H2=9.94
2026-07-11 09:52:43,590 - INFO - Baseline Iterations to Converge: 1444
2026-07-11 09:52:43,590 - INFO - Baseline ||Beta||_2: 0.0141 | ||Beta||_inf: 0.0057
2026-07-11 09:52:43,670 - INFO - Tau   | Drop  | s     | H2       | Jac  | Diff_L2   | Diff_Linf | Iters | Red%    | ||b||_2  | ||b||_inf
2026-07-11 09:52:43,670 - INFO - --------------------------------------------------------------------------------------------------------------
2026-07-11 09:52:43,714 - INFO - 0.99  | 9867  | 94    | 9.63     | 1.00 | 2.33e-05  | 1.66e-05  | 1450  | -0.42   | 0.0141   | 0.0057  
2026-07-11 09:52:43,748 - INFO - 0.95  | 9867  | 94    | 9.63     | 1.00 | 2.33e-05  | 1.66e-05  | 1450  | -0.42   | 0.0141   | 0.0057  
2026-07-11 09:52:43,780 - INFO - 0.90  | 9867  | 94    | 9.63     | 1.00 | 2.33e-05  | 1.66e-05  | 1450  | -0.42   | 0.0141   | 0.0057  
2026-07-11 09:52:43,810 - INFO - 0.80  | 9867  | 94    | 9.63     | 1.00 | 2.33e-05  | 1.66e-05  | 1450  | -0.42   | 0.0141   | 0.0057  
2026-07-11 09:52:43,844 - INFO - 0.70  | 9867  | 94    | 9.63     | 1.00 | 2.33e-05  | 1.66e-05  | 1450  | -0.42   | 0.0141   | 0.0057  
2026-07-11 09:52:43,875 - INFO - 0.60  | 9867  | 94    | 9.63     | 1.00 | 2.33e-05  | 1.66e-05  | 1450  | -0.42   | 0.0141   | 0.0057  
2026-07-11 09:52:43,910 - INFO - 0.50  | 9867  | 94    | 9.63     | 1.00 | 2.33e-05  | 1.66e-05  | 1450  | -0.42   | 0.0141   | 0.0057  
2026-07-11 09:52:43,942 - INFO - 0.40  | 9867  | 94    | 9.63     | 1.00 | 2.33e-05  | 1.66e-05  | 1450  | -0.42   | 0.0141   | 0.0057  
2026-07-11 09:52:43,974 - INFO - 0.30  | 9867  | 94    | 9.63     | 1.00 | 2.33e-05  | 1.66e-05  | 1450  | -0.42   | 0.0141   | 0.0057  
2026-07-11 09:52:44,006 - INFO - 0.20  | 9867  | 94    | 9.63     | 1.00 | 2.33e-05  | 1.66e-05  | 1450  | -0.42   | 0.0141   | 0.0057  
2026-07-11 09:52:44,037 - INFO - 0.10  | 9867  | 94    | 9.63     | 1.00 | 2.33e-05  | 1.66e-05  | 1450  | -0.42   | 0.0141   | 0.0057  
2026-07-11 09:52:44,210 - INFO - Alpha = 1.0
2026-07-11 09:54:54,445 - INFO - Ambient Dim (d): 10000 | Samples (n): 200
2026-07-11 09:54:54,445 - INFO - Baseline: s=27, Exact H2=1.74
2026-07-11 09:54:54,445 - INFO - Baseline Iterations to Converge: 463
2026-07-11 09:54:54,445 - INFO - Baseline ||Beta||_2: 0.0101 | ||Beta||_inf: 0.0054
2026-07-11 09:54:54,518 - INFO - Tau   | Drop  | s     | H2       | Jac  | Diff_L2   | Diff_Linf | Iters | Red%    | ||b||_2  | ||b||_inf
2026-07-11 09:54:54,518 - INFO - --------------------------------------------------------------------------------------------------------------
2026-07-11 09:54:54,521 - INFO - 0.99  | 9934  | 27    | 1.64     | 1.00 | 2.46e-04  | 1.76e-04  | 63    | 86.39   | 0.0101   | 0.0054  
2026-07-11 09:54:54,523 - INFO - 0.95  | 9934  | 27    | 1.64     | 1.00 | 2.46e-04  | 1.76e-04  | 63    | 86.39   | 0.0101   | 0.0054  
2026-07-11 09:54:54,524 - INFO - 0.90  | 9934  | 27    | 1.64     | 1.00 | 2.46e-04  | 1.76e-04  | 63    | 86.39   | 0.0101   | 0.0054  
2026-07-11 09:54:54,526 - INFO - 0.80  | 9934  | 27    | 1.64     | 1.00 | 2.46e-04  | 1.76e-04  | 63    | 86.39   | 0.0101   | 0.0054  
2026-07-11 09:54:54,528 - INFO - 0.70  | 9934  | 27    | 1.64     | 1.00 | 2.46e-04  | 1.76e-04  | 63    | 86.39   | 0.0101   | 0.0054  
2026-07-11 09:54:54,530 - INFO - 0.60  | 9934  | 27    | 1.64     | 1.00 | 2.46e-04  | 1.76e-04  | 63    | 86.39   | 0.0101   | 0.0054  
2026-07-11 09:54:54,532 - INFO - 0.50  | 9934  | 27    | 1.64     | 1.00 | 2.46e-04  | 1.76e-04  | 63    | 86.39   | 0.0101   | 0.0054  
2026-07-11 09:54:54,533 - INFO - 0.40  | 9934  | 27    | 1.64     | 1.00 | 2.46e-04  | 1.76e-04  | 63    | 86.39   | 0.0101   | 0.0054  
2026-07-11 09:54:54,535 - INFO - 0.30  | 9934  | 27    | 1.64     | 1.00 | 2.46e-04  | 1.76e-04  | 63    | 86.39   | 0.0101   | 0.0054  
2026-07-11 09:54:54,537 - INFO - 0.20  | 9934  | 27    | 1.64     | 1.00 | 2.46e-04  | 1.76e-04  | 63    | 86.39   | 0.0101   | 0.0054  
2026-07-11 09:54:54,540 - INFO - 0.10  | 9934  | 27    | 1.64     | 1.00 | 2.46e-04  | 1.76e-04  | 63    | 86.39   | 0.0101   | 0.0054  
